TN:
SF:src/controllers/municipioController.ts
FN:4,(anonymous_0)
FNF:1
FNH:1
FNDA:7,(anonymous_0)
DA:2,2
DA:4,2
DA:5,7
DA:6,7
DA:8,7
DA:10,7
DA:11,2
DA:14,5
DA:16,5
DA:18,5
DA:19,3
DA:22,2
DA:23,1
DA:25,1
DA:27,1
LF:15
LH:15
BRDA:10,0,0,2
BRDA:18,1,0,3
BRF:2
BRH:2
end_of_record
TN:
SF:src/routes/municipioRoutes.ts
FNF:0
FNH:0
DA:1,1
DA:2,1
DA:4,1
DA:6,1
DA:8,1
LF:5
LH:5
BRF:0
BRH:0
end_of_record
TN:
SF:src/services/municipioService.ts
FN:6,(anonymous_1)
FN:19,(anonymous_2)
FNF:2
FNH:2
FNDA:3,(anonymous_1)
FNDA:2,(anonymous_2)
DA:1,3
DA:4,3
DA:6,3
DA:7,3
DA:9,3
DA:10,3
DA:11,0
DA:12,0
DA:14,0
DA:17,3
DA:19,1
DA:21,2
DA:22,2
DA:26,0
DA:27,0
DA:32,0
DA:35,1
LF:17
LH:11
BRDA:4,0,0,3
BRDA:4,0,1,3
BRDA:9,1,0,3
BRDA:9,1,1,0
BRDA:11,2,0,0
BRDA:11,2,1,0
BRDA:21,3,0,2
BRDA:21,3,1,0
BRDA:26,4,0,0
BRF:9
BRH:4
end_of_record
